<?xml version="1.0" encoding="UTF-8"?>
<!-- Generated by org.testng.reporters.JUnitXMLReporter -->
<testsuite ignored="0" hostname="LAPTOP-PBJUA5KP" failures="0" tests="4" name="Default test" time="0.49" errors="0" timestamp="2023-12-03T22:20:51 IST">
  <testcase classname="excelDataProvider.DataProviderTest" name="test" time="0.005"/>
  <testcase classname="excelDataProvider.DataProviderTest" name="test" time="0.001"/>
  <testcase classname="excelDataProvider.DataProviderTest" name="test" time="0.002"/>
  <testcase classname="excelDataProvider.DataProviderTest" name="test" time="0.001"/>
</testsuite> <!-- Default test -->
