<?xml version="1.0" encoding="UTF-8"?>
<testng-results ignored="0" total="4" passed="4" failed="0" skipped="0">
  <reporter-output>
  </reporter-output>
  <suite started-at="2023-12-03T22:20:50 IST" name="Default suite" finished-at="2023-12-03T22:20:51 IST" duration-ms="490">
    <groups>
    </groups>
    <test started-at="2023-12-03T22:20:50 IST" name="Default test" finished-at="2023-12-03T22:20:51 IST" duration-ms="490">
      <class name="excelDataProvider.DataProviderTest">
        <test-method signature="test(java.lang.String,java.lang.String)[pri:0, instance:excelDataProvider.DataProviderTest@40ef3420]" started-at="2023-12-03T22:20:51 IST" name="test" data-provider="credentials" finished-at="2023-12-03T22:20:51 IST" duration-ms="5" status="PASS">
          <params>
            <param index="0">
              <value>
                <![CDATA[testuser1]]>
              </value>
            </param>
            <param index="1">
              <value>
                <![CDATA[pwd1]]>
              </value>
            </param>
          </params>
          <reporter-output>
          </reporter-output>
        </test-method> <!-- test -->
        <test-method signature="test(java.lang.String,java.lang.String)[pri:0, instance:excelDataProvider.DataProviderTest@40ef3420]" started-at="2023-12-03T22:20:51 IST" name="test" data-provider="credentials" finished-at="2023-12-03T22:20:51 IST" duration-ms="1" status="PASS">
          <params>
            <param index="0">
              <value>
                <![CDATA[testuser2]]>
              </value>
            </param>
            <param index="1">
              <value>
                <![CDATA[pwd2]]>
              </value>
            </param>
          </params>
          <reporter-output>
          </reporter-output>
        </test-method> <!-- test -->
        <test-method signature="test(java.lang.String,java.lang.String)[pri:0, instance:excelDataProvider.DataProviderTest@40ef3420]" started-at="2023-12-03T22:20:51 IST" name="test" data-provider="credentials" finished-at="2023-12-03T22:20:51 IST" duration-ms="2" status="PASS">
          <params>
            <param index="0">
              <value>
                <![CDATA[testuser3]]>
              </value>
            </param>
            <param index="1">
              <value>
                <![CDATA[pwd3]]>
              </value>
            </param>
          </params>
          <reporter-output>
          </reporter-output>
        </test-method> <!-- test -->
        <test-method signature="test(java.lang.String,java.lang.String)[pri:0, instance:excelDataProvider.DataProviderTest@40ef3420]" started-at="2023-12-03T22:20:51 IST" name="test" data-provider="credentials" finished-at="2023-12-03T22:20:51 IST" duration-ms="1" status="PASS">
          <params>
            <param index="0">
              <value>
                <![CDATA[testuser4]]>
              </value>
            </param>
            <param index="1">
              <value>
                <![CDATA[pwd4]]>
              </value>
            </param>
          </params>
          <reporter-output>
          </reporter-output>
        </test-method> <!-- test -->
      </class> <!-- excelDataProvider.DataProviderTest -->
    </test> <!-- Default test -->
  </suite> <!-- Default suite -->
</testng-results>
